- 1117942120 2005.06.04 R30-M0-N7-C:J08-U01 2005-06-04-20.28.40.767551 R30-M0-N7-C:J08-U01 RAS KERNEL INFO CE sym 20, at 0x1438f9e0, mask 0x40
- 1117984246 2005.06.05 R30-M1-N3-C:J02-U01 2005-06-05-08.10.46.344235 R30-M1-N3-C:J02-U01 RAS KERNEL FATAL force load/store alignment...............0
- 1117988416 2005.06.05 R30-M1-N3-C:J10-U01 2005-06-05-09.20.16.681318 R30-M1-N3-C:J10-U01 RAS KERNEL INFO generating core.7457
- 1117989577 2005.06.05 R30-M0-ND-C:J07-U01 2005-06-05-09.39.37.590924 R30-M0-ND-C:J07-U01 RAS KERNEL INFO generating core.786
- 1117991046 2005.06.05 R30-M0-N0-C:J17-U01 2005-06-05-10.04.06.326828 R30-M0-N0-C:J17-U01 RAS KERNEL INFO generating core.1588
- 1117992553 2005.06.05 R30-M1-NB-C:J17-U11 2005-06-05-10.29.13.196439 R30-M1-NB-C:J17-U11 RAS KERNEL INFO generating core.7192
- 1119714915 2005.06.25 R30-M1-N7-C:J12-U01 2005-06-25-08.55.15.625203 R30-M1-N7-C:J12-U01 RAS KERNEL INFO generating core.24721
- 1119715346 2005.06.25 R30-M1-NA-C:J14-U11 2005-06-25-09.02.26.738118 R30-M1-NA-C:J14-U11 RAS KERNEL INFO generating core.62516
- 1120260976 2005.07.01 R30-M1-NE-C:J02-U01 2005-07-01-16.36.16.829568 R30-M1-NE-C:J02-U01 RAS KERNEL INFO 1146800 double-hummer alignment exceptions
- 1120265591 2005.07.01 R30-M1-NB-C:J17-U11 2005-07-01-17.53.11.746402 R30-M1-NB-C:J17-U11 RAS KERNEL INFO 458720 double-hummer alignment exceptions
- 1120266866 2005.07.01 R30-M1-N9-C:J08-U11 2005-07-01-18.14.26.319216 R30-M1-N9-C:J08-U11 RAS KERNEL INFO 1146800 double-hummer alignment exceptions
- 1120788495 2005.07.07 R30-M0-N6-C:J12-U01 2005-07-07-19.08.15.840409 R30-M0-N6-C:J12-U01 RAS KERNEL INFO generating core.149
- 1120934392 2005.07.09 R30-M0-N6-C:J13-U11 2005-07-09-11.39.52.674271 R30-M0-N6-C:J13-U11 RAS KERNEL INFO generating core.245
- 1120938048 2005.07.09 R30-M0-NB-C:J03-U11 2005-07-09-12.40.48.888712 R30-M0-NB-C:J03-U11 RAS KERNEL INFO generating core.5235
- 1120940284 2005.07.09 R30-M0-NA-C:J17-U01 2005-07-09-13.18.04.050308 R30-M0-NA-C:J17-U01 RAS KERNEL INFO generating core.4180
- 1120968120 2005.07.09 R30-M0-N3-C:J08-U11 2005-07-09-21.02.00.766575 R30-M0-N3-C:J08-U11 RAS KERNEL INFO generating core.18514
- 1120968690 2005.07.09 R30-M0-NC-C:J10-U11 2005-07-09-21.11.30.337616 R30-M0-NC-C:J10-U11 RAS KERNEL INFO generating core.1557
- 1120969022 2005.07.09 R30-M1-N1-C:J12-U01 2005-07-09-21.17.02.803088 R30-M1-N1-C:J12-U01 RAS KERNEL INFO generating core.15425
- 1120969071 2005.07.09 R30-M0-NF-C:J15-U11 2005-07-09-21.17.51.730570 R30-M0-NF-C:J15-U11 RAS KERNEL INFO generating core.560
- 1121006676 2005.07.10 R30-M1-N9-C:J10-U01 2005-07-10-07.44.36.306387 R30-M1-N9-C:J10-U01 RAS KERNEL INFO generating core.32257
- 1121007046 2005.07.10 R30-M1-N8-C:J15-U11 2005-07-10-07.50.46.048460 R30-M1-N8-C:J15-U11 RAS KERNEL INFO generating core.15924
- 1121091173 2005.07.11 R30-M0-NB-C:J09-U01 2005-07-11-07.12.53.947417 R30-M0-NB-C:J09-U01 RAS KERNEL INFO CE sym 2, at 0x0d09f1c0, mask 0x80
- 1121252377 2005.07.13 R30-M1-N2-C:J11-U11 2005-07-13-03.59.37.615097 R30-M1-N2-C:J11-U11 RAS KERNEL INFO 112762744 double-hummer alignment exceptions
- 1121252884 2005.07.13 R30-M1-N6-C:J14-U11 2005-07-13-04.08.04.789912 R30-M1-N6-C:J14-U11 RAS KERNEL INFO 116249832 double-hummer alignment exceptions
- 1121256768 2005.07.13 R30-M0-ND-C:J09-U01 2005-07-13-05.12.48.222029 R30-M0-ND-C:J09-U01 RAS KERNEL INFO generating core.34898
- 1121311111 2005.07.13 R30-M1-NA-C:J14-U01 2005-07-13-20.18.31.598175 R30-M1-NA-C:J14-U01 RAS KERNEL INFO generating core.14852
- 1121312412 2005.07.13 R30-M1-NC-C:J17-U01 2005-07-13-20.40.12.834348 R30-M1-NC-C:J17-U01 RAS KERNEL INFO generating core.29732
- 1121312448 2005.07.13 R30-M0-N4-C:J09-U11 2005-07-13-20.40.48.847134 R30-M0-N4-C:J09-U11 RAS KERNEL INFO generating core.17526
- 1121707209 2005.07.18 R30-M1-NE-C:J02-U11 2005-07-18-10.20.09.218913 R30-M1-NE-C:J02-U11 RAS KERNEL INFO generating core.29207
- 1121900682 2005.07.20 R30-M1-N9-C:J14-U11 2005-07-20-16.04.42.418104 R30-M1-N9-C:J14-U11 RAS KERNEL INFO 8 floating point alignment exceptions
- 1122133520 2005.07.23 R30-M0-N8-C:J12-U11 2005-07-23-08.45.20.908335 R30-M0-N8-C:J12-U11 RAS KERNEL INFO generating core.3093
- 1124394179 2005.08.18 R30-M0-N0-I:J18-U01 2005-08-18-12.42.59.378202 R30-M0-N0-I:J18-U01 RAS KERNEL INFO ciod: generated 64 core files for program /bgl/apps/swl-prep/ibm-swl/functional/sppm_chkpt/run/sppm
- 1124611166 2005.08.21 R30-M1-NC-C:J02-U01 2005-08-21-00.59.26.072269 R30-M1-NC-C:J02-U01 RAS KERNEL INFO CE sym 20, at 0x180462c0, mask 0x02
- 1125238008 2005.08.28 R30-M0-N7-C:J09-U01 2005-08-28-07.06.48.138974 R30-M0-N7-C:J09-U01 RAS KERNEL INFO CE sym 26, at 0x07a95e80, mask 0x10
- 1129270727 2005.10.13 R30-M0-N5-C:J05-U01 2005-10-13-23.18.47.295678 R30-M0-N5-C:J05-U01 RAS KERNEL INFO CE sym 14, at 0x17086be0, mask 0x02
- 1134929456 2005.12.18 R30-M1-N3-C:J13-U01 2005-12-18-10.10.56.366499 R30-M1-N3-C:J13-U01 RAS KERNEL INFO 2 L3 EDRAM error(s) (dcr 0x0157) detected and corrected over 282 seconds